<?xml version="1.0" encoding="UTF-8"?>
<!-- Generated by org.testng.reporters.JUnitReportReporter -->
<testsuite hostname="LAPTOP-NAP26V5P" failures="0" tests="1" name="Regression.Test4" time="26.736" errors="0" timestamp="2022-05-20T11:01:31 IST" skipped="0">
  <testcase classname="Regression.Test4" name="run" time="26.736"/>
  <system-out>
    <![CDATA[Successfully Logged In]]>
  </system-out>
</testsuite> <!-- Regression.Test4 -->
