<?xml version="1.0" encoding="UTF-8"?>
<!-- Generated by org.testng.reporters.JUnitReportReporter -->
<testsuite hostname="LAPTOP-NAP26V5P" failures="0" tests="1" name="Assertion.HardAssert" time="17.327" errors="0" timestamp="2022-05-20T10:32:14 IST" skipped="0">
  <testcase classname="Assertion.HardAssert" name="run" time="17.327"/>
  <system-out>
    <![CDATA[actiTIME - Login
Successfully Logged In]]>
  </system-out>
</testsuite> <!-- Assertion.HardAssert -->
