<?xml version="1.0" encoding="UTF-8"?>
<!-- Generated by org.testng.reporters.JUnitReportReporter -->
<testsuite hostname="LAPTOP-NAP26V5P" failures="0" tests="1" name="Assertion.SoftAssert" time="21.305" errors="0" timestamp="2022-05-20T10:50:48 IST" skipped="0">
  <testcase classname="Assertion.SoftAssert" name="run" time="21.305"/>
  <system-out>
    <![CDATA[Successfully Logged In
actiTIME - Login]]>
  </system-out>
</testsuite> <!-- Assertion.SoftAssert -->
