<?xml version="1.0" encoding="UTF-8"?>
<!-- Generated by org.testng.reporters.JUnitReportReporter -->
<testsuite hostname="LAPTOP-NAP26V5P" failures="0" tests="1" name="Testng.Test1" time="0.012" errors="0" timestamp="2022-05-19T08:26:21 IST" skipped="0">
  <testcase classname="Testng.Test1" name="demo" time="0.012"/>
  <system-out>
    <![CDATA[Hello
Welcome]]>
  </system-out>
</testsuite> <!-- Testng.Test1 -->
