<?xml version="1.0" encoding="UTF-8"?>
<!-- Generated by org.testng.reporters.JUnitReportReporter -->
<testsuite hostname="LAPTOP-NAP26V5P" failures="0" tests="1" name="SmokeandRegression.Test3" time="21.748" errors="0" timestamp="2022-05-20T11:16:13 IST" skipped="0">
  <testcase classname="SmokeandRegression.Test3" name="run" time="21.748"/>
  <system-out>
    <![CDATA[Successfully Logged In]]>
  </system-out>
</testsuite> <!-- SmokeandRegression.Test3 -->
