<?xml version="1.0" encoding="UTF-8"?>
<!-- Generated by org.testng.reporters.JUnitReportReporter -->
<testsuite hostname="LAPTOP-NAP26V5P" failures="0" tests="3" name="Testng.Priority" time="0.010" errors="0" timestamp="2022-05-19T14:35:24 IST" skipped="1">
  <testcase classname="Testng.Priority" name="pay" time="0.009"/>
  <system-out>
    <![CDATA[Whatsapp Payment]]>
  </system-out>
  <testcase classname="Testng.Priority" name="msg" time="0.001"/>
  <system-out>
    <![CDATA[Whatsapp Message]]>
  </system-out>
  <testcase classname="Testng.Priority" name="call">
    <skipped/>
  </testcase> <!-- call -->
  <system-out/>
</testsuite> <!-- Testng.Priority -->
