<?xml version="1.0" encoding="UTF-8"?>
<!-- Generated by org.testng.reporters.JUnitReportReporter -->
<testsuite hostname="LAPTOP-NAP26V5P" failures="0" tests="2" name="TestNg_Practice.GettingwindowHandles" time="8.867" errors="0" timestamp="2022-05-23T06:45:38 IST" skipped="0">
  <testcase classname="TestNg_Practice.GettingwindowHandles" name="Hanwind" time="3.399"/>
  <system-out>
    <![CDATA[CDwindow-28C861154F63C9EDC35242B54766FC0B
Successfully clicked
TestLeaf - Interact with Windows
TestLeaf - Interact with HyperLinks
TestLeaf - Interact with Buttons
TestLeaf - Selenium Playground]]>
  </system-out>
  <testcase classname="TestNg_Practice.GettingwindowHandles" name="Hanwind" time="5.468"/>
  <system-out>
    <![CDATA[75506ef5-9441-4b94-8ebf-96807f6df3d5
Successfully clicked
TestLeaf - Interact with Windows
TestLeaf - Selenium Playground
TestLeaf - Interact with Buttons
TestLeaf - Interact with HyperLinks]]>
  </system-out>
</testsuite> <!-- TestNg_Practice.GettingwindowHandles -->
