<?xml version="1.0" encoding="UTF-8"?>
<!-- Generated by org.testng.reporters.JUnitReportReporter -->
<testsuite hostname="LAPTOP-NAP26V5P" failures="0" tests="1" name="Testng.Test3" time="22.695" errors="0" timestamp="2022-05-23T06:07:50 IST" skipped="0">
  <testcase classname="Testng.Test3" name="run" time="22.695"/>
  <system-out>
    <![CDATA[Successfully Logged In]]>
  </system-out>
</testsuite> <!-- Testng.Test3 -->
