<?xml version="1.0" encoding="UTF-8"?>
<!-- Generated by org.testng.reporters.JUnitReportReporter -->
<testsuite hostname="LAPTOP-NAP26V5P" failures="0" tests="2" name="ParallelExecution.Test3" time="39.768" errors="0" timestamp="2022-05-20T11:37:21 IST" skipped="0">
  <testcase classname="ParallelExecution.Test3" name="run" time="22.751"/>
  <system-out>
    <![CDATA[Successfully Logged In]]>
  </system-out>
  <testcase classname="ParallelExecution.Test3" name="run" time="17.017"/>
  <system-out>
    <![CDATA[Successfully Logged In]]>
  </system-out>
</testsuite> <!-- ParallelExecution.Test3 -->
