<?xml version="1.0" encoding="UTF-8"?>
<!-- Generated by org.testng.reporters.JUnitReportReporter -->
<testsuite hostname="LAPTOP-NAP26V5P" failures="0" tests="3" name="Testng.Test2" time="0.013" errors="0" timestamp="2022-05-19T14:28:44 IST" skipped="0">
  <testcase classname="Testng.Test2" name="pay" time="0.002"/>
  <system-out>
    <![CDATA[Whatsapp payment]]>
  </system-out>
  <testcase classname="Testng.Test2" name="msg" time="0.001"/>
  <system-out>
    <![CDATA[Whatsapp msg]]>
  </system-out>
  <testcase classname="Testng.Test2" name="call" time="0.010"/>
  <system-out>
    <![CDATA[Whatsapp call]]>
  </system-out>
</testsuite> <!-- Testng.Test2 -->
