<?xml version="1.0" encoding="UTF-8"?>
<!-- Generated by org.testng.reporters.JUnitReportReporter -->
<testsuite hostname="LAPTOP-NAP26V5P" failures="0" tests="1" name="Testng.Test4" time="23.845" errors="0" timestamp="2022-05-19T15:05:44 IST" skipped="0">
  <testcase classname="Testng.Test4" name="run" time="23.845"/>
  <system-out>
    <![CDATA[Successfully Logged In]]>
  </system-out>
</testsuite> <!-- Testng.Test4 -->
