<?xml version="1.0" encoding="UTF-8"?>
<!-- Generated by org.testng.reporters.JUnitReportReporter -->
<testsuite hostname="LAPTOP-NAP26V5P" failures="0" tests="1" name="Smoke.Test3" time="16.066" errors="0" timestamp="2022-05-20T11:10:07 IST" skipped="0">
  <testcase classname="Smoke.Test3" name="run" time="16.066"/>
  <system-out>
    <![CDATA[Successfully Logged In]]>
  </system-out>
</testsuite> <!-- Smoke.Test3 -->
